<?xml version="1.0" encoding="UTF-8"?>
<coverage generated="1684409230512" clover="3.2.0">
  <project timestamp="1684409230513" name="All files">
    <metrics statements="12" coveredstatements="4" conditionals="0" coveredconditionals="0" methods="4" coveredmethods="1" elements="16" coveredelements="5" complexity="0" loc="12" ncloc="12" packages="2" files="2" classes="2"/>
    <package name="puppeteer_tests_cv">
      <metrics statements="4" coveredstatements="4" conditionals="0" coveredconditionals="0" methods="1" coveredmethods="1"/>
      <file name="puppeteerInstance.js" path="C:\Users\OKAY-QA\OneDrive\Рабочий стол\My\allprojects\puppeteer_tests_cv\puppeteerInstance.js">
        <metrics statements="4" coveredstatements="4" conditionals="0" coveredconditionals="0" methods="1" coveredmethods="1"/>
        <line num="1" count="1" type="stmt"/>
        <line num="8" count="1" type="stmt"/>
        <line num="9" count="3" type="stmt"/>
        <line num="17" count="1" type="stmt"/>
      </file>
    </package>
    <package name="puppeteer_tests_cv.package_for_tests">
      <metrics statements="8" coveredstatements="0" conditionals="0" coveredconditionals="0" methods="3" coveredmethods="0"/>
      <file name="Login.js" path="C:\Users\OKAY-QA\OneDrive\Рабочий стол\My\allprojects\puppeteer_tests_cv\package_for_tests\Login.js">
        <metrics statements="8" coveredstatements="0" conditionals="0" coveredconditionals="0" methods="3" coveredmethods="0"/>
        <line num="4" count="0" type="stmt"/>
        <line num="9" count="0" type="stmt"/>
        <line num="13" count="0" type="stmt"/>
        <line num="14" count="0" type="stmt"/>
        <line num="15" count="0" type="stmt"/>
        <line num="16" count="0" type="stmt"/>
        <line num="17" count="0" type="stmt"/>
        <line num="18" count="0" type="stmt"/>
      </file>
    </package>
  </project>
</coverage>
