{"C:\\Users\\OKAY-QA\\OneDrive\\Рабочий стол\\My\\allprojects\\puppeteer_tests_cv\\puppeteerInstance.js": {"path":"C:\\Users\\OKAY-QA\\OneDrive\\Рабочий стол\\My\\allprojects\\puppeteer_tests_cv\\puppeteerInstance.js","statementMap":{"0":{"start":{"line":1,"column":18},"end":{"line":1,"column":38}},"1":{"start":{"line":5,"column":20},"end":{"line":7,"column":1}},"2":{"start":{"line":6,"column":2},"end":{"line":6,"column":54}},"3":{"start":{"line":9,"column":19},"end":{"line":9,"column":32}},"4":{"start":{"line":9,"column":25},"end":{"line":9,"column":32}},"5":{"start":{"line":11,"column":0},"end":{"line":11,"column":45}}},"fnMap":{"0":{"name":"(anonymous_0)","decl":{"start":{"line":5,"column":20},"end":{"line":5,"column":21}},"loc":{"start":{"line":5,"column":32},"end":{"line":7,"column":1}},"line":5},"1":{"name":"(anonymous_1)","decl":{"start":{"line":9,"column":19},"end":{"line":9,"column":20}},"loc":{"start":{"line":9,"column":25},"end":{"line":9,"column":32}},"line":9}},"branchMap":{},"s":{"0":1,"1":1,"2":1,"3":1,"4":2,"5":1},"f":{"0":1,"1":2},"b":{},"_coverageSchema":"1a1c01bbd47fc00a2c39e90264f33305004495a9","hash":"7a51c1f81497c56077087b56948da889ffe8be02"}
,"C:\\Users\\OKAY-QA\\OneDrive\\Рабочий стол\\My\\allprojects\\puppeteer_tests_cv\\package_for_tests\\Login.js": {"path":"C:\\Users\\OKAY-QA\\OneDrive\\Рабочий стол\\My\\allprojects\\puppeteer_tests_cv\\package_for_tests\\Login.js","statementMap":{"0":{"start":{"line":4,"column":4},"end":{"line":4,"column":20}},"1":{"start":{"line":9,"column":8},"end":{"line":9,"column":53}},"2":{"start":{"line":13,"column":8},"end":{"line":13,"column":73}},"3":{"start":{"line":14,"column":8},"end":{"line":14,"column":63}},"4":{"start":{"line":15,"column":8},"end":{"line":15,"column":131}},"5":{"start":{"line":16,"column":8},"end":{"line":16,"column":137}}},"fnMap":{"0":{"name":"(anonymous_0)","decl":{"start":{"line":3,"column":4},"end":{"line":3,"column":5}},"loc":{"start":{"line":3,"column":22},"end":{"line":6,"column":5}},"line":3},"1":{"name":"(anonymous_1)","decl":{"start":{"line":8,"column":4},"end":{"line":8,"column":5}},"loc":{"start":{"line":8,"column":17},"end":{"line":10,"column":5}},"line":8},"2":{"name":"(anonymous_2)","decl":{"start":{"line":12,"column":4},"end":{"line":12,"column":5}},"loc":{"start":{"line":12,"column":20},"end":{"line":20,"column":5}},"line":12}},"branchMap":{},"s":{"0":1,"1":1,"2":1,"3":1,"4":1,"5":0},"f":{"0":1,"1":1,"2":1},"b":{},"_coverageSchema":"1a1c01bbd47fc00a2c39e90264f33305004495a9","hash":"00da19a2f233135317757c5914673af017063a55"}
}
