{"C:\\Users\\OKAY-QA\\OneDrive\\Рабочий стол\\My\\allprojects\\puppeteer_tests_cv\\puppeteerInstance.js": {"path":"C:\\Users\\OKAY-QA\\OneDrive\\Рабочий стол\\My\\allprojects\\puppeteer_tests_cv\\puppeteerInstance.js","statementMap":{"0":{"start":{"line":1,"column":18},"end":{"line":1,"column":38}},"1":{"start":{"line":7,"column":20},"end":{"line":12,"column":1}},"2":{"start":{"line":8,"column":2},"end":{"line":11,"column":5}},"3":{"start":{"line":14,"column":19},"end":{"line":14,"column":32}},"4":{"start":{"line":14,"column":25},"end":{"line":14,"column":32}},"5":{"start":{"line":16,"column":0},"end":{"line":16,"column":45}}},"fnMap":{"0":{"name":"(anonymous_0)","decl":{"start":{"line":7,"column":20},"end":{"line":7,"column":21}},"loc":{"start":{"line":7,"column":32},"end":{"line":12,"column":1}},"line":7},"1":{"name":"(anonymous_1)","decl":{"start":{"line":14,"column":19},"end":{"line":14,"column":20}},"loc":{"start":{"line":14,"column":25},"end":{"line":14,"column":32}},"line":14}},"branchMap":{},"s":{"0":1,"1":1,"2":1,"3":1,"4":2,"5":1},"f":{"0":1,"1":2},"b":{},"_coverageSchema":"1a1c01bbd47fc00a2c39e90264f33305004495a9","hash":"e7fcd6e98171b6cff9e2c4d1862c14de6ad99980"}
,"C:\\Users\\OKAY-QA\\OneDrive\\Рабочий стол\\My\\allprojects\\puppeteer_tests_cv\\package_for_tests\\Login.js": {"path":"C:\\Users\\OKAY-QA\\OneDrive\\Рабочий стол\\My\\allprojects\\puppeteer_tests_cv\\package_for_tests\\Login.js","statementMap":{"0":{"start":{"line":3,"column":6},"end":{"line":3,"column":23}},"1":{"start":{"line":7,"column":6},"end":{"line":7,"column":52}},"2":{"start":{"line":11,"column":6},"end":{"line":11,"column":80}},"3":{"start":{"line":12,"column":6},"end":{"line":12,"column":70}},"4":{"start":{"line":13,"column":6},"end":{"line":13,"column":80}},"5":{"start":{"line":14,"column":6},"end":{"line":14,"column":64}},"6":{"start":{"line":15,"column":6},"end":{"line":15,"column":62}},"7":{"start":{"line":16,"column":6},"end":{"line":16,"column":52}}},"fnMap":{"0":{"name":"(anonymous_0)","decl":{"start":{"line":2,"column":4},"end":{"line":2,"column":5}},"loc":{"start":{"line":2,"column":22},"end":{"line":4,"column":5}},"line":2},"1":{"name":"(anonymous_1)","decl":{"start":{"line":6,"column":4},"end":{"line":6,"column":5}},"loc":{"start":{"line":6,"column":18},"end":{"line":8,"column":5}},"line":6},"2":{"name":"(anonymous_2)","decl":{"start":{"line":10,"column":4},"end":{"line":10,"column":5}},"loc":{"start":{"line":10,"column":21},"end":{"line":18,"column":5}},"line":10}},"branchMap":{},"s":{"0":1,"1":1,"2":1,"3":1,"4":1,"5":1,"6":1,"7":1},"f":{"0":1,"1":1,"2":1},"b":{},"_coverageSchema":"1a1c01bbd47fc00a2c39e90264f33305004495a9","hash":"477dc1bc9fdd4950460da089926a0f8e7f27004a"}
}
